<?xml version="1.0" encoding="UTF-8"?>
<!-- Generated by org.testng.reporters.JUnitReportReporter -->
<testsuite skipped="0" hostname="DESKTOP-87H0121" name="org.testCases.TestPending" tests="1" failures="0" timestamp="01 Jun 2022 12:16:22 GMT" time="8.415" errors="0">
  <testcase name="VerifypendingLeaveRequest" time="8.415" classname="org.testCases.TestPending"/>
</testsuite> <!-- org.testCases.TestPending -->
