<?xml version="1.0" encoding="UTF-8"?>
<!-- Generated by org.testng.reporters.JUnitReportReporter -->
<testsuite skipped="0" hostname="DESKTOP-87H0121" name="org.testCases.TestUserRole" tests="1" failures="0" timestamp="03 Jun 2022 14:15:30 GMT" time="5.701" errors="0">
  <testcase name="checkTestUser" time="5.701" classname="org.testCases.TestUserRole"/>
</testsuite> <!-- org.testCases.TestUserRole -->
