<?xml version="1.0" encoding="UTF-8"?>
<!-- Generated by org.testng.reporters.JUnitReportReporter -->
<testsuite skipped="0" hostname="DESKTOP-87H0121" name="org.testCases.TestPendingRequest" tests="1" failures="0" timestamp="03 Jun 2022 14:15:30 GMT" time="9.141" errors="0">
  <testcase name="VerifypendingLeaveRequest" time="9.141" classname="org.testCases.TestPendingRequest"/>
</testsuite> <!-- org.testCases.TestPendingRequest -->
